app/build/intermediates/manifest_merge_blame_file/debug/manifest-merger-blame-debug-report.txt
1<?xml version="1.0" encoding="utf-8"?>
2<manifest xmlns:android="http://schemas.android.com/apk/res/android"
3    package="com.littlegig.app"
4    android:versionCode="1"
5    android:versionName="1.0" >
6
7    <uses-sdk
8        android:minSdkVersion="24"
9        android:targetSdkVersion="34" />
10
11    <uses-permission android:name="android.permission.INTERNET" />
11-->src/main/AndroidManifest.xml:5:5-67
11-->src/main/AndroidManifest.xml:5:22-64
12    <uses-permission android:name="android.permission.ACCESS_NETWORK_STATE" />
12-->src/main/AndroidManifest.xml:6:5-79
12-->src/main/AndroidManifest.xml:6:22-76
13    <uses-permission android:name="android.permission.ACCESS_FINE_LOCATION" />
13-->src/main/AndroidManifest.xml:7:5-79
13-->src/main/AndroidManifest.xml:7:22-76
14    <uses-permission android:name="android.permission.ACCESS_COARSE_LOCATION" />
14-->src/main/AndroidManifest.xml:8:5-81
14-->src/main/AndroidManifest.xml:8:22-78
15    <uses-permission android:name="android.permission.VIBRATE" />
15-->src/main/AndroidManifest.xml:9:5-66
15-->src/main/AndroidManifest.xml:9:22-63
16    <uses-permission android:name="android.permission.CAMERA" />
16-->src/main/AndroidManifest.xml:10:5-65
16-->src/main/AndroidManifest.xml:10:22-62
17    <uses-permission android:name="android.permission.READ_CONTACTS" />
17-->src/main/AndroidManifest.xml:11:5-72
17-->src/main/AndroidManifest.xml:11:22-69
18    <uses-permission android:name="android.permission.READ_EXTERNAL_STORAGE" />
18-->src/main/AndroidManifest.xml:12:5-80
18-->src/main/AndroidManifest.xml:12:22-77
19    <uses-permission
19-->src/main/AndroidManifest.xml:13:5-14:38
20        android:name="android.permission.WRITE_EXTERNAL_STORAGE"
20-->src/main/AndroidManifest.xml:13:22-78
21        android:maxSdkVersion="28" />
21-->src/main/AndroidManifest.xml:14:9-35
22
23    <uses-feature
23-->[com.google.android.gms:play-services-maps:18.1.0] AndroidManifest.xml:26:5-28:35
24        android:glEsVersion="0x00020000"
24-->[com.google.android.gms:play-services-maps:18.1.0] AndroidManifest.xml:27:9-41
25        android:required="true" />
25-->[com.google.android.gms:play-services-maps:18.1.0] AndroidManifest.xml:28:9-32
26
27    <queries>
27-->[com.google.android.gms:play-services-maps:18.1.0] AndroidManifest.xml:30:5-34:15
28
29        <!-- Needs to be explicitly declared on Android R+ -->
30        <package android:name="com.google.android.apps.maps" />
30-->[com.google.android.gms:play-services-maps:18.1.0] AndroidManifest.xml:33:9-64
30-->[com.google.android.gms:play-services-maps:18.1.0] AndroidManifest.xml:33:18-61
31    </queries>
32
33    <uses-permission android:name="android.permission.POST_NOTIFICATIONS" />
33-->[com.google.firebase:firebase-messaging:23.2.1] AndroidManifest.xml:23:5-77
33-->[com.google.firebase:firebase-messaging:23.2.1] AndroidManifest.xml:23:22-74
34    <uses-permission android:name="android.permission.WAKE_LOCK" /> <!-- Required by older versions of Google Play services to create IID tokens -->
34-->[com.google.firebase:firebase-messaging:23.2.1] AndroidManifest.xml:24:5-68
34-->[com.google.firebase:firebase-messaging:23.2.1] AndroidManifest.xml:24:22-65
35    <uses-permission android:name="com.google.android.c2dm.permission.RECEIVE" />
35-->[com.google.firebase:firebase-messaging:23.2.1] AndroidManifest.xml:26:5-82
35-->[com.google.firebase:firebase-messaging:23.2.1] AndroidManifest.xml:26:22-79
36    <uses-permission android:name="com.google.android.finsky.permission.BIND_GET_INSTALL_REFERRER_SERVICE" />
36-->[com.google.android.gms:play-services-measurement:21.3.0] AndroidManifest.xml:26:5-110
36-->[com.google.android.gms:play-services-measurement:21.3.0] AndroidManifest.xml:26:22-107
37    <uses-permission android:name="com.google.android.gms.permission.AD_ID" />
37-->[com.google.android.gms:play-services-measurement-impl:21.3.0] AndroidManifest.xml:27:5-79
37-->[com.google.android.gms:play-services-measurement-impl:21.3.0] AndroidManifest.xml:27:22-76
38
39    <permission
39-->[androidx.core:core:1.10.1] AndroidManifest.xml:22:5-24:47
40        android:name="com.littlegig.app.DYNAMIC_RECEIVER_NOT_EXPORTED_PERMISSION"
40-->[androidx.core:core:1.10.1] AndroidManifest.xml:23:9-81
41        android:protectionLevel="signature" />
41-->[androidx.core:core:1.10.1] AndroidManifest.xml:24:9-44
42
43    <uses-permission android:name="com.littlegig.app.DYNAMIC_RECEIVER_NOT_EXPORTED_PERMISSION" />
43-->[androidx.core:core:1.10.1] AndroidManifest.xml:26:5-97
43-->[androidx.core:core:1.10.1] AndroidManifest.xml:26:22-94
44
45    <application
45-->src/main/AndroidManifest.xml:16:5-69:19
46        android:name="com.littlegig.app.LittleGigApplication"
46-->src/main/AndroidManifest.xml:17:9-45
47        android:allowBackup="true"
47-->src/main/AndroidManifest.xml:18:9-35
48        android:appComponentFactory="androidx.core.app.CoreComponentFactory"
48-->[androidx.core:core:1.10.1] AndroidManifest.xml:28:18-86
49        android:dataExtractionRules="@xml/data_extraction_rules"
49-->src/main/AndroidManifest.xml:19:9-65
50        android:debuggable="true"
51        android:extractNativeLibs="false"
52        android:fullBackupContent="@xml/backup_rules"
52-->src/main/AndroidManifest.xml:20:9-54
53        android:icon="@mipmap/ic_launcher"
53-->src/main/AndroidManifest.xml:21:9-43
54        android:label="@string/app_name"
54-->src/main/AndroidManifest.xml:22:9-41
55        android:roundIcon="@mipmap/ic_launcher_round"
55-->src/main/AndroidManifest.xml:23:9-54
56        android:supportsRtl="true"
56-->src/main/AndroidManifest.xml:24:9-35
57        android:theme="@style/Theme.LittleGig" >
57-->src/main/AndroidManifest.xml:25:9-47
58        <activity
58-->src/main/AndroidManifest.xml:28:9-45:20
59            android:name="com.littlegig.app.presentation.MainActivity"
59-->src/main/AndroidManifest.xml:29:13-54
60            android:exported="true"
60-->src/main/AndroidManifest.xml:30:13-36
61            android:label="@string/app_name"
61-->src/main/AndroidManifest.xml:31:13-45
62            android:theme="@style/Theme.LittleGig" >
62-->src/main/AndroidManifest.xml:32:13-51
63            <intent-filter>
63-->src/main/AndroidManifest.xml:33:13-36:29
64                <action android:name="android.intent.action.MAIN" />
64-->src/main/AndroidManifest.xml:34:17-69
64-->src/main/AndroidManifest.xml:34:25-66
65
66                <category android:name="android.intent.category.LAUNCHER" />
66-->src/main/AndroidManifest.xml:35:17-77
66-->src/main/AndroidManifest.xml:35:27-74
67            </intent-filter>
68
69            <!-- Google Sign-In Intent Filter -->
70            <intent-filter>
70-->src/main/AndroidManifest.xml:39:13-44:29
71                <action android:name="android.intent.action.VIEW" />
71-->src/main/AndroidManifest.xml:40:17-69
71-->src/main/AndroidManifest.xml:40:25-66
72
73                <category android:name="android.intent.category.DEFAULT" />
73-->src/main/AndroidManifest.xml:41:17-76
73-->src/main/AndroidManifest.xml:41:27-73
74                <category android:name="android.intent.category.BROWSABLE" />
74-->src/main/AndroidManifest.xml:42:17-78
74-->src/main/AndroidManifest.xml:42:27-75
75
76                <data android:scheme="com.littlegig.app" />
76-->src/main/AndroidManifest.xml:43:17-60
76-->src/main/AndroidManifest.xml:43:23-57
77            </intent-filter>
78        </activity>
79
80        <service
80-->src/main/AndroidManifest.xml:47:9-53:19
81            android:name="com.littlegig.app.service.LittleGigFirebaseMessagingService"
81-->src/main/AndroidManifest.xml:48:13-70
82            android:exported="false" >
82-->src/main/AndroidManifest.xml:49:13-37
83            <intent-filter>
83-->src/main/AndroidManifest.xml:50:13-52:29
84                <action android:name="com.google.firebase.MESSAGING_EVENT" />
84-->src/main/AndroidManifest.xml:51:17-78
84-->src/main/AndroidManifest.xml:51:25-75
85            </intent-filter>
86        </service>
87
88        <!-- Google Maps API Key -->
89        <meta-data
89-->src/main/AndroidManifest.xml:56:9-58:55
90            android:name="com.google.android.geo.API_KEY"
90-->src/main/AndroidManifest.xml:57:13-58
91            android:value="@string/google_maps_key" />
91-->src/main/AndroidManifest.xml:58:13-52
92
93        <!-- Firebase Cloud Messaging -->
94        <service
94-->src/main/AndroidManifest.xml:61:9-67:19
95            android:name="com.littlegig.app.services.LittleGigMessagingService"
95-->src/main/AndroidManifest.xml:62:13-63
96            android:exported="false" >
96-->src/main/AndroidManifest.xml:63:13-37
97            <intent-filter>
97-->src/main/AndroidManifest.xml:50:13-52:29
98                <action android:name="com.google.firebase.MESSAGING_EVENT" />
98-->src/main/AndroidManifest.xml:51:17-78
98-->src/main/AndroidManifest.xml:51:25-75
99            </intent-filter>
100        </service>
101
102        <activity
102-->[androidx.compose.ui:ui-test-manifest:1.5.0] AndroidManifest.xml:23:9-25:39
103            android:name="androidx.activity.ComponentActivity"
103-->[androidx.compose.ui:ui-test-manifest:1.5.0] AndroidManifest.xml:24:13-63
104            android:exported="true" />
104-->[androidx.compose.ui:ui-test-manifest:1.5.0] AndroidManifest.xml:25:13-36
105        <activity
105-->[androidx.compose.ui:ui-tooling-android:1.5.0] AndroidManifest.xml:23:9-25:39
106            android:name="androidx.compose.ui.tooling.PreviewActivity"
106-->[androidx.compose.ui:ui-tooling-android:1.5.0] AndroidManifest.xml:24:13-71
107            android:exported="true" />
107-->[androidx.compose.ui:ui-tooling-android:1.5.0] AndroidManifest.xml:25:13-36
108        <activity
108-->[com.google.android.gms:play-services-auth:20.7.0] AndroidManifest.xml:23:9-27:75
109            android:name="com.google.android.gms.auth.api.signin.internal.SignInHubActivity"
109-->[com.google.android.gms:play-services-auth:20.7.0] AndroidManifest.xml:24:13-93
110            android:excludeFromRecents="true"
110-->[com.google.android.gms:play-services-auth:20.7.0] AndroidManifest.xml:25:13-46
111            android:exported="false"
111-->[com.google.android.gms:play-services-auth:20.7.0] AndroidManifest.xml:26:13-37
112            android:theme="@android:style/Theme.Translucent.NoTitleBar" />
112-->[com.google.android.gms:play-services-auth:20.7.0] AndroidManifest.xml:27:13-72
113        <!--
114            Service handling Google Sign-In user revocation. For apps that do not integrate with
115            Google Sign-In, this service will never be started.
116        -->
117        <service
117-->[com.google.android.gms:play-services-auth:20.7.0] AndroidManifest.xml:33:9-37:51
118            android:name="com.google.android.gms.auth.api.signin.RevocationBoundService"
118-->[com.google.android.gms:play-services-auth:20.7.0] AndroidManifest.xml:34:13-89
119            android:exported="true"
119-->[com.google.android.gms:play-services-auth:20.7.0] AndroidManifest.xml:35:13-36
120            android:permission="com.google.android.gms.auth.api.signin.permission.REVOCATION_NOTIFICATION"
120-->[com.google.android.gms:play-services-auth:20.7.0] AndroidManifest.xml:36:13-107
121            android:visibleToInstantApps="true" /> <!-- Needs to be explicitly declared on P+ -->
121-->[com.google.android.gms:play-services-auth:20.7.0] AndroidManifest.xml:37:13-48
122        <uses-library
122-->[com.google.android.gms:play-services-maps:18.1.0] AndroidManifest.xml:39:9-41:40
123            android:name="org.apache.http.legacy"
123-->[com.google.android.gms:play-services-maps:18.1.0] AndroidManifest.xml:40:13-50
124            android:required="false" />
124-->[com.google.android.gms:play-services-maps:18.1.0] AndroidManifest.xml:41:13-37
125
126        <service
126-->[com.google.firebase:firebase-firestore-ktx:24.7.1] AndroidManifest.xml:9:9-15:19
127            android:name="com.google.firebase.components.ComponentDiscoveryService"
127-->[com.google.firebase:firebase-firestore-ktx:24.7.1] AndroidManifest.xml:10:13-84
128            android:directBootAware="true"
128-->[com.google.firebase:firebase-common:20.3.3] AndroidManifest.xml:34:13-43
129            android:exported="false" >
129-->[com.google.firebase:firebase-firestore-ktx:24.7.1] AndroidManifest.xml:11:13-37
130            <meta-data
130-->[com.google.firebase:firebase-firestore-ktx:24.7.1] AndroidManifest.xml:12:13-14:85
131                android:name="com.google.firebase.components:com.google.firebase.firestore.ktx.FirebaseFirestoreKtxRegistrar"
131-->[com.google.firebase:firebase-firestore-ktx:24.7.1] AndroidManifest.xml:13:17-126
132                android:value="com.google.firebase.components.ComponentRegistrar" />
132-->[com.google.firebase:firebase-firestore-ktx:24.7.1] AndroidManifest.xml:14:17-82
133            <meta-data
133-->[com.google.firebase:firebase-messaging-ktx:23.2.1] AndroidManifest.xml:26:13-28:85
134                android:name="com.google.firebase.components:com.google.firebase.messaging.ktx.FirebaseMessagingKtxRegistrar"
134-->[com.google.firebase:firebase-messaging-ktx:23.2.1] AndroidManifest.xml:27:17-126
135                android:value="com.google.firebase.components.ComponentRegistrar" />
135-->[com.google.firebase:firebase-messaging-ktx:23.2.1] AndroidManifest.xml:28:17-82
136            <meta-data
136-->[com.google.firebase:firebase-auth-ktx:22.1.1] AndroidManifest.xml:11:13-13:85
137                android:name="com.google.firebase.components:com.google.firebase.auth.ktx.FirebaseAuthKtxRegistrar"
137-->[com.google.firebase:firebase-auth-ktx:22.1.1] AndroidManifest.xml:12:17-116
138                android:value="com.google.firebase.components.ComponentRegistrar" />
138-->[com.google.firebase:firebase-auth-ktx:22.1.1] AndroidManifest.xml:13:17-82
139            <meta-data
139-->[com.google.firebase:firebase-auth:22.1.1] AndroidManifest.xml:69:13-71:85
140                android:name="com.google.firebase.components:com.google.firebase.auth.FirebaseAuthRegistrar"
140-->[com.google.firebase:firebase-auth:22.1.1] AndroidManifest.xml:70:17-109
141                android:value="com.google.firebase.components.ComponentRegistrar" />
141-->[com.google.firebase:firebase-auth:22.1.1] AndroidManifest.xml:71:17-82
142            <meta-data
142-->[com.google.firebase:firebase-functions-ktx:20.3.1] AndroidManifest.xml:14:13-16:85
143                android:name="com.google.firebase.components:com.google.firebase.functions.ktx.FirebaseFunctionsKtxRegistrar"
143-->[com.google.firebase:firebase-functions-ktx:20.3.1] AndroidManifest.xml:15:17-126
144                android:value="com.google.firebase.components.ComponentRegistrar" />
144-->[com.google.firebase:firebase-functions-ktx:20.3.1] AndroidManifest.xml:16:17-82
145            <meta-data
145-->[com.google.firebase:firebase-functions:20.3.1] AndroidManifest.xml:17:13-19:85
146                android:name="com.google.firebase.components:com.google.firebase.functions.FunctionsRegistrar"
146-->[com.google.firebase:firebase-functions:20.3.1] AndroidManifest.xml:18:17-111
147                android:value="com.google.firebase.components.ComponentRegistrar" />
147-->[com.google.firebase:firebase-functions:20.3.1] AndroidManifest.xml:19:17-82
148            <meta-data
148-->[com.google.firebase:firebase-storage-ktx:20.2.1] AndroidManifest.xml:14:13-16:85
149                android:name="com.google.firebase.components:com.google.firebase.storage.ktx.FirebaseStorageKtxRegistrar"
149-->[com.google.firebase:firebase-storage-ktx:20.2.1] AndroidManifest.xml:15:17-122
150                android:value="com.google.firebase.components.ComponentRegistrar" />
150-->[com.google.firebase:firebase-storage-ktx:20.2.1] AndroidManifest.xml:16:17-82
151            <meta-data
151-->[com.google.firebase:firebase-storage:20.2.1] AndroidManifest.xml:32:13-34:85
152                android:name="com.google.firebase.components:com.google.firebase.storage.StorageRegistrar"
152-->[com.google.firebase:firebase-storage:20.2.1] AndroidManifest.xml:33:17-107
153                android:value="com.google.firebase.components.ComponentRegistrar" />
153-->[com.google.firebase:firebase-storage:20.2.1] AndroidManifest.xml:34:17-82
154            <meta-data
154-->[com.google.firebase:firebase-firestore:24.7.1] AndroidManifest.xml:17:13-19:85
155                android:name="com.google.firebase.components:com.google.firebase.firestore.FirestoreRegistrar"
155-->[com.google.firebase:firebase-firestore:24.7.1] AndroidManifest.xml:18:17-111
156                android:value="com.google.firebase.components.ComponentRegistrar" />
156-->[com.google.firebase:firebase-firestore:24.7.1] AndroidManifest.xml:19:17-82
157            <meta-data
157-->[com.google.firebase:firebase-messaging:23.2.1] AndroidManifest.xml:53:13-55:85
158                android:name="com.google.firebase.components:com.google.firebase.messaging.FirebaseMessagingRegistrar"
158-->[com.google.firebase:firebase-messaging:23.2.1] AndroidManifest.xml:54:17-119
159                android:value="com.google.firebase.components.ComponentRegistrar" />
159-->[com.google.firebase:firebase-messaging:23.2.1] AndroidManifest.xml:55:17-82
160            <meta-data
160-->[com.google.firebase:firebase-iid:21.1.0] AndroidManifest.xml:32:13-34:85
161                android:name="com.google.firebase.components:com.google.firebase.iid.Registrar"
161-->[com.google.firebase:firebase-iid:21.1.0] AndroidManifest.xml:33:17-96
162                android:value="com.google.firebase.components.ComponentRegistrar" />
162-->[com.google.firebase:firebase-iid:21.1.0] AndroidManifest.xml:34:17-82
163            <meta-data
163-->[com.google.firebase:firebase-analytics-ktx:21.3.0] AndroidManifest.xml:11:13-13:85
164                android:name="com.google.firebase.components:com.google.firebase.analytics.ktx.FirebaseAnalyticsKtxRegistrar"
164-->[com.google.firebase:firebase-analytics-ktx:21.3.0] AndroidManifest.xml:12:17-126
165                android:value="com.google.firebase.components.ComponentRegistrar" />
165-->[com.google.firebase:firebase-analytics-ktx:21.3.0] AndroidManifest.xml:13:17-82
166            <meta-data
166-->[com.google.firebase:firebase-crashlytics-ktx:18.4.1] AndroidManifest.xml:24:13-26:85
167                android:name="com.google.firebase.components:com.google.firebase.crashlytics.ktx.FirebaseCrashlyticsKtxRegistrar"
167-->[com.google.firebase:firebase-crashlytics-ktx:18.4.1] AndroidManifest.xml:25:17-130
168                android:value="com.google.firebase.components.ComponentRegistrar" />
168-->[com.google.firebase:firebase-crashlytics-ktx:18.4.1] AndroidManifest.xml:26:17-82
169            <meta-data
169-->[com.google.firebase:firebase-crashlytics:18.4.1] AndroidManifest.xml:15:13-17:85
170                android:name="com.google.firebase.components:com.google.firebase.crashlytics.CrashlyticsRegistrar"
170-->[com.google.firebase:firebase-crashlytics:18.4.1] AndroidManifest.xml:16:17-115
171                android:value="com.google.firebase.components.ComponentRegistrar" />
171-->[com.google.firebase:firebase-crashlytics:18.4.1] AndroidManifest.xml:17:17-82
172            <meta-data
172-->[com.google.firebase:firebase-sessions:1.0.2] AndroidManifest.xml:25:13-27:85
173                android:name="com.google.firebase.components:com.google.firebase.sessions.FirebaseSessionsRegistrar"
173-->[com.google.firebase:firebase-sessions:1.0.2] AndroidManifest.xml:26:17-117
174                android:value="com.google.firebase.components.ComponentRegistrar" />
174-->[com.google.firebase:firebase-sessions:1.0.2] AndroidManifest.xml:27:17-82
175            <meta-data
175-->[com.google.firebase:firebase-config-ktx:21.4.1] AndroidManifest.xml:14:13-16:85
176                android:name="com.google.firebase.components:com.google.firebase.remoteconfig.ktx.FirebaseRemoteConfigKtxRegistrar"
176-->[com.google.firebase:firebase-config-ktx:21.4.1] AndroidManifest.xml:15:17-132
177                android:value="com.google.firebase.components.ComponentRegistrar" />
177-->[com.google.firebase:firebase-config-ktx:21.4.1] AndroidManifest.xml:16:17-82
178            <meta-data
178-->[com.google.firebase:firebase-common-ktx:20.3.3] AndroidManifest.xml:14:13-16:85
179                android:name="com.google.firebase.components:com.google.firebase.ktx.FirebaseCommonKtxRegistrar"
179-->[com.google.firebase:firebase-common-ktx:20.3.3] AndroidManifest.xml:15:17-113
180                android:value="com.google.firebase.components.ComponentRegistrar" />
180-->[com.google.firebase:firebase-common-ktx:20.3.3] AndroidManifest.xml:16:17-82
181            <meta-data
181-->[com.google.firebase:firebase-config:21.4.1] AndroidManifest.xml:31:13-33:85
182                android:name="com.google.firebase.components:com.google.firebase.remoteconfig.RemoteConfigRegistrar"
182-->[com.google.firebase:firebase-config:21.4.1] AndroidManifest.xml:32:17-117
183                android:value="com.google.firebase.components.ComponentRegistrar" />
183-->[com.google.firebase:firebase-config:21.4.1] AndroidManifest.xml:33:17-82
184            <meta-data
184-->[com.google.firebase:firebase-abt:21.1.1] AndroidManifest.xml:12:13-14:85
185                android:name="com.google.firebase.components:com.google.firebase.abt.component.AbtRegistrar"
185-->[com.google.firebase:firebase-abt:21.1.1] AndroidManifest.xml:13:17-109
186                android:value="com.google.firebase.components.ComponentRegistrar" />
186-->[com.google.firebase:firebase-abt:21.1.1] AndroidManifest.xml:14:17-82
187            <meta-data
187-->[com.google.android.gms:play-services-measurement-api:21.3.0] AndroidManifest.xml:31:13-33:85
188                android:name="com.google.firebase.components:com.google.firebase.analytics.connector.internal.AnalyticsConnectorRegistrar"
188-->[com.google.android.gms:play-services-measurement-api:21.3.0] AndroidManifest.xml:32:17-139
189                android:value="com.google.firebase.components.ComponentRegistrar" />
189-->[com.google.android.gms:play-services-measurement-api:21.3.0] AndroidManifest.xml:33:17-82
190            <meta-data
190-->[com.google.firebase:firebase-installations:17.1.4] AndroidManifest.xml:15:13-17:85
191                android:name="com.google.firebase.components:com.google.firebase.installations.FirebaseInstallationsRegistrar"
191-->[com.google.firebase:firebase-installations:17.1.4] AndroidManifest.xml:16:17-127
192                android:value="com.google.firebase.components.ComponentRegistrar" />
192-->[com.google.firebase:firebase-installations:17.1.4] AndroidManifest.xml:17:17-82
193            <meta-data
193-->[com.google.firebase:firebase-datatransport:18.1.8] AndroidManifest.xml:27:13-29:85
194                android:name="com.google.firebase.components:com.google.firebase.datatransport.TransportRegistrar"
194-->[com.google.firebase:firebase-datatransport:18.1.8] AndroidManifest.xml:28:17-115
195                android:value="com.google.firebase.components.ComponentRegistrar" />
195-->[com.google.firebase:firebase-datatransport:18.1.8] AndroidManifest.xml:29:17-82
196        </service>
197
198        <activity
198-->[com.google.firebase:firebase-auth:22.1.1] AndroidManifest.xml:29:9-46:20
199            android:name="com.google.firebase.auth.internal.GenericIdpActivity"
199-->[com.google.firebase:firebase-auth:22.1.1] AndroidManifest.xml:30:13-80
200            android:excludeFromRecents="true"
200-->[com.google.firebase:firebase-auth:22.1.1] AndroidManifest.xml:31:13-46
201            android:exported="true"
201-->[com.google.firebase:firebase-auth:22.1.1] AndroidManifest.xml:32:13-36
202            android:launchMode="singleTask"
202-->[com.google.firebase:firebase-auth:22.1.1] AndroidManifest.xml:33:13-44
203            android:theme="@android:style/Theme.Translucent.NoTitleBar" >
203-->[com.google.firebase:firebase-auth:22.1.1] AndroidManifest.xml:34:13-72
204            <intent-filter>
204-->[com.google.firebase:firebase-auth:22.1.1] AndroidManifest.xml:35:13-45:29
205                <action android:name="android.intent.action.VIEW" />
205-->src/main/AndroidManifest.xml:40:17-69
205-->src/main/AndroidManifest.xml:40:25-66
206
207                <category android:name="android.intent.category.DEFAULT" />
207-->src/main/AndroidManifest.xml:41:17-76
207-->src/main/AndroidManifest.xml:41:27-73
208                <category android:name="android.intent.category.BROWSABLE" />
208-->src/main/AndroidManifest.xml:42:17-78
208-->src/main/AndroidManifest.xml:42:27-75
209
210                <data
210-->src/main/AndroidManifest.xml:43:17-60
211                    android:host="firebase.auth"
212                    android:path="/"
213                    android:scheme="genericidp" />
213-->src/main/AndroidManifest.xml:43:23-57
214            </intent-filter>
215        </activity>
216        <activity
216-->[com.google.firebase:firebase-auth:22.1.1] AndroidManifest.xml:47:9-64:20
217            android:name="com.google.firebase.auth.internal.RecaptchaActivity"
217-->[com.google.firebase:firebase-auth:22.1.1] AndroidManifest.xml:48:13-79
218            android:excludeFromRecents="true"
218-->[com.google.firebase:firebase-auth:22.1.1] AndroidManifest.xml:49:13-46
219            android:exported="true"
219-->[com.google.firebase:firebase-auth:22.1.1] AndroidManifest.xml:50:13-36
220            android:launchMode="singleTask"
220-->[com.google.firebase:firebase-auth:22.1.1] AndroidManifest.xml:51:13-44
221            android:theme="@android:style/Theme.Translucent.NoTitleBar" >
221-->[com.google.firebase:firebase-auth:22.1.1] AndroidManifest.xml:52:13-72
222            <intent-filter>
222-->[com.google.firebase:firebase-auth:22.1.1] AndroidManifest.xml:53:13-63:29
223                <action android:name="android.intent.action.VIEW" />
223-->src/main/AndroidManifest.xml:40:17-69
223-->src/main/AndroidManifest.xml:40:25-66
224
225                <category android:name="android.intent.category.DEFAULT" />
225-->src/main/AndroidManifest.xml:41:17-76
225-->src/main/AndroidManifest.xml:41:27-73
226                <category android:name="android.intent.category.BROWSABLE" />
226-->src/main/AndroidManifest.xml:42:17-78
226-->src/main/AndroidManifest.xml:42:27-75
227
228                <data
228-->src/main/AndroidManifest.xml:43:17-60
229                    android:host="firebase.auth"
230                    android:path="/"
231                    android:scheme="recaptcha" />
231-->src/main/AndroidManifest.xml:43:23-57
232            </intent-filter>
233        </activity>
234
235        <receiver
235-->[com.google.firebase:firebase-messaging:23.2.1] AndroidManifest.xml:29:9-36:20
236            android:name="com.google.firebase.iid.FirebaseInstanceIdReceiver"
236-->[com.google.firebase:firebase-messaging:23.2.1] AndroidManifest.xml:30:13-78
237            android:exported="true"
237-->[com.google.firebase:firebase-messaging:23.2.1] AndroidManifest.xml:31:13-36
238            android:permission="com.google.android.c2dm.permission.SEND" >
238-->[com.google.firebase:firebase-messaging:23.2.1] AndroidManifest.xml:32:13-73
239            <intent-filter>
239-->[com.google.firebase:firebase-messaging:23.2.1] AndroidManifest.xml:33:13-35:29
240                <action android:name="com.google.android.c2dm.intent.RECEIVE" />
240-->[com.google.firebase:firebase-messaging:23.2.1] AndroidManifest.xml:34:17-81
240-->[com.google.firebase:firebase-messaging:23.2.1] AndroidManifest.xml:34:25-78
241            </intent-filter>
242        </receiver>
243        <!--
244             FirebaseMessagingService performs security checks at runtime,
245             but set to not exported to explicitly avoid allowing another app to call it.
246        -->
247        <service
247-->[com.google.firebase:firebase-messaging:23.2.1] AndroidManifest.xml:42:9-49:19
248            android:name="com.google.firebase.messaging.FirebaseMessagingService"
248-->[com.google.firebase:firebase-messaging:23.2.1] AndroidManifest.xml:43:13-82
249            android:directBootAware="true"
249-->[com.google.firebase:firebase-messaging:23.2.1] AndroidManifest.xml:44:13-43
250            android:exported="false" >
250-->[com.google.firebase:firebase-messaging:23.2.1] AndroidManifest.xml:45:13-37
251            <intent-filter android:priority="-500" >
251-->src/main/AndroidManifest.xml:50:13-52:29
252                <action android:name="com.google.firebase.MESSAGING_EVENT" />
252-->src/main/AndroidManifest.xml:51:17-78
252-->src/main/AndroidManifest.xml:51:25-75
253            </intent-filter>
254        </service>
255
256        <activity
256-->[com.google.android.gms:play-services-base:18.1.0] AndroidManifest.xml:20:9-22:45
257            android:name="com.google.android.gms.common.api.GoogleApiActivity"
257-->[com.google.android.gms:play-services-base:18.1.0] AndroidManifest.xml:20:19-85
258            android:exported="false"
258-->[com.google.android.gms:play-services-base:18.1.0] AndroidManifest.xml:22:19-43
259            android:theme="@android:style/Theme.Translucent.NoTitleBar" />
259-->[com.google.android.gms:play-services-base:18.1.0] AndroidManifest.xml:21:19-78
260
261        <provider
261-->[androidx.emoji2:emoji2:1.4.0] AndroidManifest.xml:24:9-32:20
262            android:name="androidx.startup.InitializationProvider"
262-->[androidx.emoji2:emoji2:1.4.0] AndroidManifest.xml:25:13-67
263            android:authorities="com.littlegig.app.androidx-startup"
263-->[androidx.emoji2:emoji2:1.4.0] AndroidManifest.xml:26:13-68
264            android:exported="false" >
264-->[androidx.emoji2:emoji2:1.4.0] AndroidManifest.xml:27:13-37
265            <meta-data
265-->[androidx.emoji2:emoji2:1.4.0] AndroidManifest.xml:29:13-31:52
266                android:name="androidx.emoji2.text.EmojiCompatInitializer"
266-->[androidx.emoji2:emoji2:1.4.0] AndroidManifest.xml:30:17-75
267                android:value="androidx.startup" />